\BOOKMARK [0][-]{chapter.1}{\376\377\000I\000n\000t\000r\000o\000d\000u\000c\000t\000i\000o\000n}{}% 1
\BOOKMARK [1][-]{section.1.0}{\376\377\000L\000e\000t\000\040\000t\000h\000e\000r\000e\000\040\000b\000e\000\040\000L\000i\000g\000h\000t}{chapter.1}% 2
\BOOKMARK [1][-]{section.1.1}{\376\377\000G\000a\000p\000\040\000i\000n\000\040\000t\000h\000e\000\040\000M\000a\000r\000k\000e\000t}{chapter.1}% 3
\BOOKMARK [1][-]{section.1.2}{\376\377\000A\000i\000m\000s\000\040\000a\000n\000d\000\040\000O\000b\000j\000e\000c\000t\000i\000v\000e\000s}{chapter.1}% 4
\BOOKMARK [1][-]{section.1.3}{\376\377\000P\000r\000o\000j\000e\000c\000t\000\040\000M\000a\000n\000a\000g\000e\000m\000e\000n\000t}{chapter.1}% 5
\BOOKMARK [0][-]{chapter.2}{\376\377\000E\000x\000i\000s\000t\000i\000n\000g\000\040\000W\000o\000r\000k}{}% 6
\BOOKMARK [1][-]{section.2.1}{\376\377\000L\000i\000g\000h\000t\000i\000n\000g}{chapter.2}% 7
\BOOKMARK [1][-]{section.2.2}{\376\377\000C\000i\000r\000c\000a\000d\000i\000a\000n\000\040\000R\000h\000y\000t\000h\000m\000s}{chapter.2}% 8
\BOOKMARK [1][-]{section.2.3}{\376\377\000H\000e\000a\000l\000t\000h\000\040\000I\000m\000p\000l\000i\000c\000a\000t\000i\000o\000n\000s}{chapter.2}% 9
\BOOKMARK [1][-]{section.2.4}{\376\377\000C\000o\000r\000t\000i\000s\000o\000l\000\040\000a\000n\000d\000\040\000A\000t\000t\000e\000n\000t\000i\000v\000e\000n\000e\000s\000s}{chapter.2}% 10
\BOOKMARK [1][-]{section.2.5}{\376\377\000M\000o\000o\000d\000\040\000a\000n\000d\000\040\000L\000i\000g\000h\000t\000i\000n\000g}{chapter.2}% 11
\BOOKMARK [1][-]{section.2.6}{\376\377\000S\000u\000m\000m\000a\000r\000y\000\040\000o\000f\000\040\000L\000i\000t\000e\000r\000a\000t\000u\000r\000e}{chapter.2}% 12
\BOOKMARK [1][-]{section.2.7}{\376\377\000E\000x\000i\000s\000t\000i\000n\000g\000\040\000S\000o\000l\000u\000t\000i\000o\000n\000s}{chapter.2}% 13
\BOOKMARK [1][-]{section.2.8}{\376\377\000I\000m\000p\000l\000e\000m\000e\000n\000t\000a\000t\000i\000o\000n}{chapter.2}% 14
\BOOKMARK [0][-]{chapter.3}{\376\377\000M\000e\000t\000h\000o\000d\000s}{}% 15
\BOOKMARK [1][-]{section.3.1}{\376\377\0004\000\040\000P\000h\000a\000s\000e\000s}{chapter.3}% 16
\BOOKMARK [1][-]{section.3.2}{\376\377\000R\000e\000s\000e\000a\000r\000c\000h\000\040\000M\000e\000t\000h\000o\000d\000s}{chapter.3}% 17
\BOOKMARK [0][-]{chapter*.15}{\376\377\000R\000e\000f\000e\000r\000e\000n\000c\000e\000s}{}% 18
\BOOKMARK [0][-]{chapter*.16}{\376\377\000B\000i\000b\000l\000i\000o\000g\000r\000a\000p\000h\000y}{}% 19
\BOOKMARK [0][-]{section*.17}{\376\377\000G\000l\000o\000s\000s\000a\000r\000y}{}% 20
\BOOKMARK [0][-]{appendix.A}{\376\377\000P\000r\000o\000j\000e\000c\000t\000\040\000D\000o\000c\000u\000m\000e\000n\000t\000s}{}% 21
\BOOKMARK [1][-]{section.A.1}{\376\377\000D\000e\000v\000i\000c\000e\000\040\000R\000e\000q\000u\000i\000r\000e\000m\000e\000n\000t\000s}{appendix.A}% 22
\BOOKMARK [1][-]{section.A.2}{\376\377\000G\000a\000n\000t\000t\000\040\000C\000h\000a\000r\000t\000s}{appendix.A}% 23
\BOOKMARK [1][-]{section.A.3}{\376\377\000R\000i\000s\000k\000\040\000A\000s\000s\000e\000s\000s\000m\000e\000n\000t}{appendix.A}% 24
\BOOKMARK [1][-]{section.A.4}{\376\377\000R\000e\000s\000o\000u\000r\000c\000e\000s}{appendix.A}% 25
\BOOKMARK [1][-]{section.A.5}{\376\377\000S\000e\000c\000u\000r\000i\000t\000y}{appendix.A}% 26
\BOOKMARK [1][-]{section.A.6}{\376\377\000I\000n\000t\000e\000r\000v\000i\000e\000w\000\040\000D\000o\000c\000u\000m\000e\000n\000t\000s}{appendix.A}% 27
