This is pdfTeX, Version 3.14159265-2.6-1.40.19 (MiKTeX 2.9.6840 64-bit) (preloaded format=pdflatex 2018.12.1)  8 DEC 2020 12:55
entering extended mode
**"./Interim Preposal.tex"
("Interim Preposal.tex"
LaTeX2e <2018-04-01> patch level 5
("C:\Users\Nick\AppData\Local\Programs\MiKTeX 2.9\tex\latex\base\article.cls"
Document Class: article 2014/09/29 v1.4h Standard LaTeX document class
("C:\Users\Nick\AppData\Local\Programs\MiKTeX 2.9\tex\latex\base\size10.clo"
File: size10.clo 2014/09/29 v1.4h Standard LaTeX file (size option)
)
\c@part=\count80
\c@section=\count81
\c@subsection=\count82
\c@subsubsection=\count83
\c@paragraph=\count84
\c@subparagraph=\count85
\c@figure=\count86
\c@table=\count87
\abovecaptionskip=\skip41
\belowcaptionskip=\skip42
\bibindent=\dimen102
)
("C:\Users\Nick\AppData\Local\Programs\MiKTeX 2.9\tex\latex\blindtext\blindtext
.sty"
Package: blindtext 2012/01/06 V2.0 blindtext-Package

("C:\Users\Nick\AppData\Local\Programs\MiKTeX 2.9\tex\latex\tools\xspace.sty"
Package: xspace 2014/10/28 v1.13 Space after command names (DPC,MH)
)
\c@blindtext=\count88
\c@Blindtext=\count89
\c@blind@countparstart=\count90
\blind@countxx=\count91
\blindtext@numBlindtext=\count92
\blind@countyy=\count93
\c@blindlist=\count94
\c@blindlistlevel=\count95
\c@blindlist@level=\count96
\blind@listitem=\count97
\c@blind@listcount=\count98
\c@blind@levelcount=\count99
\blind@mathformula=\count100
\blind@Mathformula=\count101
\c@blind@randomcount=\count102
\c@blind@randommax=\count103
\c@blind@pangramcount=\count104
\c@blind@pangrammax=\count105
) ("C:\Users\Nick\AppData\Local\Programs\MiKTeX 2.9\tex\latex\psnfss\mathpazo.s
ty"
Package: mathpazo 2005/04/12 PSNFSS-v9.2a Palatino w/ Pazo Math (D.Puga, WaS) 
\symupright=\mathgroup4
) ("C:\Users\Nick\AppData\Local\Programs\MiKTeX 2.9\tex\latex\base\fontenc.sty"
Package: fontenc 2017/04/05 v2.0i Standard LaTeX package
 ("C:\Users\Nick\AppData\Local\Programs\MiKTeX 2.9\tex\latex\base\t1enc.def"
File: t1enc.def 2017/04/05 v2.0i Standard LaTeX file
LaTeX Font Info:    Redeclaring font encoding T1 on input line 48.
))
("C:\Users\Nick\AppData\Local\Programs\MiKTeX 2.9\tex\latex\microtype\microtype
.sty"
Package: microtype 2019/11/18 v2.7d Micro-typographical refinements (RS)

("C:\Users\Nick\AppData\Local\Programs\MiKTeX 2.9\tex\latex\graphics\keyval.sty
"
Package: keyval 2014/10/28 v1.15 key=value parser (DPC)
\KV@toks@=\toks14
)
\MT@toks=\toks15
\MT@count=\count106
LaTeX Info: Redefining \textls on input line 790.
\MT@outer@kern=\dimen103
LaTeX Info: Redefining \textmicrotypecontext on input line 1354.
\MT@listname@count=\count107

("C:\Users\Nick\AppData\Local\Programs\MiKTeX 2.9\tex\latex\microtype\microtype
-pdftex.def"
File: microtype-pdftex.def 2019/11/18 v2.7d Definitions specific to pdftex (RS)

LaTeX Info: Redefining \lsstyle on input line 914.
LaTeX Info: Redefining \lslig on input line 914.
\MT@outer@space=\skip43
)
Package microtype Info: Loading configuration file microtype.cfg.

("C:\Users\Nick\AppData\Local\Programs\MiKTeX 2.9\tex\latex\microtype\microtype
.cfg"
File: microtype.cfg 2019/11/18 v2.7d microtype main configuration file (RS)
))
("C:\Users\Nick\AppData\Local\Programs\MiKTeX 2.9\tex\generic\babel\babel.sty"
Package: babel 2018/09/26 3.24 The Babel package

("C:\Users\Nick\AppData\Local\Programs\MiKTeX 2.9\tex\generic\babel\switch.def"
File: switch.def 2018/09/26 3.24 Babel switching mechanism
)
*************************************
* Local config file bblopts.cfg used
*
("C:\Users\Nick\AppData\Local\Programs\MiKTeX 2.9\tex\latex\arabi\bblopts.cfg"
File: bblopts.cfg 2005/09/08 v0.1 add Arabic and Farsi to "declared" options of
 babel
)
("C:\Users\Nick\AppData\Local\Programs\MiKTeX 2.9\tex\latex\babel-english\engli
sh.ldf"
Language: english 2017/06/06 v3.3r English support from the babel system

("C:\Users\Nick\AppData\Local\Programs\MiKTeX 2.9\tex\generic\babel\babel.def"
File: babel.def 2018/09/26 3.24 Babel common definitions
\babel@savecnt=\count108
\U@D=\dimen104

("C:\Users\Nick\AppData\Local\Programs\MiKTeX 2.9\tex\generic\babel\txtbabel.de
f")
\bbl@dirlevel=\count109
)
\l@canadian = a dialect from \language\l@american 
\l@australian = a dialect from \language\l@british 
\l@newzealand = a dialect from \language\l@british 
))
("C:\Users\Nick\AppData\Local\Programs\MiKTeX 2.9\tex\latex\geometry\geometry.s
ty"
Package: geometry 2018/04/16 v5.8 Page Geometry

("C:\Users\Nick\AppData\Local\Programs\MiKTeX 2.9\tex\generic\oberdiek\ifpdf.st
y"
Package: ifpdf 2018/09/07 v3.3 Provides the ifpdf switch
)
("C:\Users\Nick\AppData\Local\Programs\MiKTeX 2.9\tex\generic\oberdiek\ifvtex.s
ty"
Package: ifvtex 2016/05/16 v1.6 Detect VTeX and its facilities (HO)
Package ifvtex Info: VTeX not detected.
)
("C:\Users\Nick\AppData\Local\Programs\MiKTeX 2.9\tex\generic\ifxetex\ifxetex.s
ty"
Package: ifxetex 2010/09/12 v0.6 Provides ifxetex conditional
)
\Gm@cnth=\count110
\Gm@cntv=\count111
\c@Gm@tempcnt=\count112
\Gm@bindingoffset=\dimen105
\Gm@wd@mp=\dimen106
\Gm@odd@mp=\dimen107
\Gm@even@mp=\dimen108
\Gm@layoutwidth=\dimen109
\Gm@layoutheight=\dimen110
\Gm@layouthoffset=\dimen111
\Gm@layoutvoffset=\dimen112
\Gm@dimlist=\toks16

("C:\Users\Nick\AppData\Local\Programs\MiKTeX 2.9\tex\latex\geometry\geometry.c
fg"))
("C:\Users\Nick\AppData\Local\Programs\MiKTeX 2.9\tex\latex\caption\caption.sty
"
Package: caption 2018/10/06 v3.3-154 Customizing captions (AR)

("C:\Users\Nick\AppData\Local\Programs\MiKTeX 2.9\tex\latex\caption\caption3.st
y"
Package: caption3 2018/09/12 v1.8c caption3 kernel (AR)
Package caption3 Info: TeX engine: e-TeX on input line 64.
\captionmargin=\dimen113
\captionmargin@=\dimen114
\captionwidth=\dimen115
\caption@tempdima=\dimen116
\caption@indent=\dimen117
\caption@parindent=\dimen118
\caption@hangindent=\dimen119
)
\c@caption@flags=\count113
\c@ContinuedFloat=\count114
)
("C:\Users\Nick\AppData\Local\Programs\MiKTeX 2.9\tex\latex\booktabs\booktabs.s
ty"
Package: booktabs 2005/04/14 v1.61803 publication quality tables
\heavyrulewidth=\dimen120
\lightrulewidth=\dimen121
\cmidrulewidth=\dimen122
\belowrulesep=\dimen123
\belowbottomsep=\dimen124
\aboverulesep=\dimen125
\abovetopsep=\dimen126
\cmidrulesep=\dimen127
\cmidrulekern=\dimen128
\defaultaddspace=\dimen129
\@cmidla=\count115
\@cmidlb=\count116
\@aboverulesep=\dimen130
\@belowrulesep=\dimen131
\@thisruleclass=\count117
\@lastruleclass=\count118
\@thisrulewidth=\dimen132
)
("C:\Users\Nick\AppData\Local\Programs\MiKTeX 2.9\tex\latex\lettrine\lettrine.s
ty"
File: lettrine.sty 2020-03-14 v2.23 (Daniel Flipo)

("C:\Users\Nick\AppData\Local\Programs\MiKTeX 2.9\tex\generic\minifp\minifp.sty
"
Package: minifp 2013/12/30 v0.96. Macros for real number operations and a stack
-based programing language.
\MFP@loopctr=\count119
)
\c@DefaultLines=\count120
\c@DefaultDepth=\count121
\DefaultFindent=\dimen133
\DefaultNindent=\dimen134
\DefaultSlope=\dimen135
\DiscardVskip=\dimen136
\L@lbox=\box26
\L@tbox=\box27
\c@L@lines=\count122
\c@L@depth=\count123
\L@Pindent=\dimen137
\L@Findent=\dimen138
\L@Nindent=\dimen139
\L@lraise=\dimen140
\L@first=\dimen141
\L@next=\dimen142
\L@slope=\dimen143
\L@height=\dimen144
\L@novskip=\dimen145
\L@target@ht=\dimen146
\L@target@dp=\dimen147
\L@target@tht=\dimen148
\LettrineWidth=\dimen149
\LettrineHeight=\dimen150
\LettrineDepth=\dimen151
\Llist@everypar=\toks17

Loading lettrine.cfg

("C:\Users\Nick\AppData\Local\Programs\MiKTeX 2.9\tex\latex\lettrine\lettrine.c
fg"))
("C:\Users\Nick\AppData\Local\Programs\MiKTeX 2.9\tex\latex\enumitem\enumitem.s
ty"
Package: enumitem 2019/06/20 v3.9 Customized lists
\labelindent=\skip44
\enit@outerparindent=\dimen152
\enit@toks=\toks18
\enit@inbox=\box28
\enit@count@id=\count124
\enitdp@description=\count125
)
("C:\Users\Nick\AppData\Local\Programs\MiKTeX 2.9\tex\latex\abstract\abstract.s
ty"
Package: abstract 2009/06/08 v1.2a configurable abstracts
\abstitleskip=\skip45
\absleftindent=\skip46
\absrightindent=\skip47
\absparindent=\skip48
\absparsep=\skip49
)
("C:\Users\Nick\AppData\Local\Programs\MiKTeX 2.9\tex\latex\titlesec\titlesec.s
ty"
Package: titlesec 2016/03/21 v2.10.2 Sectioning titles
\ttl@box=\box29
\beforetitleunit=\skip50
\aftertitleunit=\skip51
\ttl@plus=\dimen153
\ttl@minus=\dimen154
\ttl@toksa=\toks19
\titlewidth=\dimen155
\titlewidthlast=\dimen156
\titlewidthfirst=\dimen157
)
("C:\Users\Nick\AppData\Local\Programs\MiKTeX 2.9\tex\latex\titlesec\block.tss"
File: block.tss 2016/03/15
)
("C:\Users\Nick\AppData\Local\Programs\MiKTeX 2.9\tex\latex\fancyhdr\fancyhdr.s
ty"
Package: fancyhdr 2017/06/30 v3.9a Extensive control of page headers and footer
s
\f@nch@headwidth=\skip52
\f@nch@O@elh=\skip53
\f@nch@O@erh=\skip54
\f@nch@O@olh=\skip55
\f@nch@O@orh=\skip56
\f@nch@O@elf=\skip57
\f@nch@O@erf=\skip58
\f@nch@O@olf=\skip59
\f@nch@O@orf=\skip60
)
("C:\Users\Nick\AppData\Local\Programs\MiKTeX 2.9\tex\latex\titling\titling.sty
"
Package: titling 2009/09/04 v2.1d maketitle typesetting
\thanksmarkwidth=\skip61
\thanksmargin=\skip62
\droptitle=\skip63
)
("C:\Users\Nick\AppData\Local\Programs\MiKTeX 2.9\tex\latex\hyperref\hyperref.s
ty"
Package: hyperref 2018/09/30 v6.88a Hypertext links for LaTeX

("C:\Users\Nick\AppData\Local\Programs\MiKTeX 2.9\tex\generic\oberdiek\hobsub-h
yperref.sty"
Package: hobsub-hyperref 2016/05/16 v1.14 Bundle oberdiek, subset hyperref (HO)


("C:\Users\Nick\AppData\Local\Programs\MiKTeX 2.9\tex\generic\oberdiek\hobsub-g
eneric.sty"
Package: hobsub-generic 2016/05/16 v1.14 Bundle oberdiek, subset generic (HO)
Package: hobsub 2016/05/16 v1.14 Construct package bundles (HO)
Package: infwarerr 2016/05/16 v1.4 Providing info/warning/error messages (HO)
Package: ltxcmds 2016/05/16 v1.23 LaTeX kernel commands for general use (HO)
Package: ifluatex 2016/05/16 v1.4 Provides the ifluatex switch (HO)
Package ifluatex Info: LuaTeX not detected.
Package hobsub Info: Skipping package `ifvtex' (already loaded).
Package: intcalc 2016/05/16 v1.2 Expandable calculations with integers (HO)
Package hobsub Info: Skipping package `ifpdf' (already loaded).
Package: etexcmds 2016/05/16 v1.6 Avoid name clashes with e-TeX commands (HO)
Package etexcmds Info: Could not find \expanded.
(etexcmds)             That can mean that you are not using pdfTeX 1.50 or
(etexcmds)             that some package has redefined \expanded.
(etexcmds)             In the latter case, load this package earlier.
Package: kvsetkeys 2016/05/16 v1.17 Key value parser (HO)
Package: kvdefinekeys 2016/05/16 v1.4 Define keys (HO)
Package: pdftexcmds 2018/09/10 v0.29 Utility functions of pdfTeX for LuaTeX (HO
)
Package pdftexcmds Info: LuaTeX not detected.
Package pdftexcmds Info: \pdf@primitive is available.
Package pdftexcmds Info: \pdf@ifprimitive is available.
Package pdftexcmds Info: \pdfdraftmode found.
Package: pdfescape 2016/05/16 v1.14 Implements pdfTeX's escape features (HO)
Package: bigintcalc 2016/05/16 v1.4 Expandable calculations on big integers (HO
)
Package: bitset 2016/05/16 v1.2 Handle bit-vector datatype (HO)
Package: uniquecounter 2016/05/16 v1.3 Provide unlimited unique counter (HO)
)
Package hobsub Info: Skipping package `hobsub' (already loaded).
Package: letltxmacro 2016/05/16 v1.5 Let assignment for LaTeX macros (HO)
Package: hopatch 2016/05/16 v1.3 Wrapper for package hooks (HO)
Package: xcolor-patch 2016/05/16 xcolor patch
Package: atveryend 2016/05/16 v1.9 Hooks at the very end of document (HO)
Package atveryend Info: \enddocument detected (standard20110627).
Package: atbegshi 2016/06/09 v1.18 At begin shipout hook (HO)
Package: refcount 2016/05/16 v3.5 Data extraction from label references (HO)
Package: hycolor 2016/05/16 v1.8 Color options for hyperref/bookmark (HO)
)
("C:\Users\Nick\AppData\Local\Programs\MiKTeX 2.9\tex\latex\oberdiek\auxhook.st
y"
Package: auxhook 2016/05/16 v1.4 Hooks for auxiliary files (HO)
)
("C:\Users\Nick\AppData\Local\Programs\MiKTeX 2.9\tex\latex\oberdiek\kvoptions.
sty"
Package: kvoptions 2016/05/16 v3.12 Key value format for package options (HO)
)
\@linkdim=\dimen158
\Hy@linkcounter=\count126
\Hy@pagecounter=\count127

("C:\Users\Nick\AppData\Local\Programs\MiKTeX 2.9\tex\latex\hyperref\pd1enc.def
"
File: pd1enc.def 2018/09/30 v6.88a Hyperref: PDFDocEncoding definition (HO)
Now handling font encoding PD1 ...
... no UTF-8 mapping file for font encoding PD1
)
\Hy@SavedSpaceFactor=\count128

("C:\Users\Nick\AppData\Local\Programs\MiKTeX 2.9\tex\latex\00miktex\hyperref.c
fg"
File: hyperref.cfg 2002/06/06 v1.2 hyperref configuration of TeXLive
)
Package hyperref Info: Hyper figures OFF on input line 4535.
Package hyperref Info: Link nesting OFF on input line 4540.
Package hyperref Info: Hyper index ON on input line 4543.
Package hyperref Info: Plain pages OFF on input line 4550.
Package hyperref Info: Backreferencing OFF on input line 4555.
Package hyperref Info: Implicit mode ON; LaTeX internals redefined.
Package hyperref Info: Bookmarks ON on input line 4788.
\c@Hy@tempcnt=\count129
 ("C:\Users\Nick\AppData\Local\Programs\MiKTeX 2.9\tex\latex\url\url.sty"
\Urlmuskip=\muskip10
Package: url 2013/09/16  ver 3.4  Verb mode for urls, etc.
)
LaTeX Info: Redefining \url on input line 5141.
\XeTeXLinkMargin=\dimen159
\Fld@menulength=\count130
\Field@Width=\dimen160
\Fld@charsize=\dimen161
Package hyperref Info: Hyper figures OFF on input line 6396.
Package hyperref Info: Link nesting OFF on input line 6401.
Package hyperref Info: Hyper index ON on input line 6404.
Package hyperref Info: backreferencing OFF on input line 6411.
Package hyperref Info: Link coloring OFF on input line 6416.
Package hyperref Info: Link coloring with OCG OFF on input line 6421.
Package hyperref Info: PDF/A mode OFF on input line 6426.
LaTeX Info: Redefining \ref on input line 6466.
LaTeX Info: Redefining \pageref on input line 6470.
\Hy@abspage=\count131
\c@Item=\count132
\c@Hfootnote=\count133
)
Package hyperref Info: Driver (autodetected): hpdftex.

("C:\Users\Nick\AppData\Local\Programs\MiKTeX 2.9\tex\latex\hyperref\hpdftex.de
f"
File: hpdftex.def 2018/09/30 v6.88a Hyperref driver for pdfTeX
\Fld@listcount=\count134
\c@bookmark@seq@number=\count135

("C:\Users\Nick\AppData\Local\Programs\MiKTeX 2.9\tex\latex\oberdiek\rerunfilec
heck.sty"
Package: rerunfilecheck 2016/05/16 v1.8 Rerun checks for auxiliary files (HO)
Package uniquecounter Info: New unique counter `rerunfilecheck' on input line 2
82.
)
\Hy@SectionHShift=\skip64
)
("C:\Users\Nick\AppData\Local\Programs\MiKTeX 2.9\tex\latex\pdfpages\pdfpages.s
ty"
Package: pdfpages 2017/10/31 v0.5l Insert pages of external PDF documents (AM)
 ("C:\Users\Nick\AppData\Local\Programs\MiKTeX 2.9\tex\latex\base\ifthen.sty"
Package: ifthen 2014/09/29 v1.1c Standard LaTeX ifthen package (DPC)
) ("C:\Users\Nick\AppData\Local\Programs\MiKTeX 2.9\tex\latex\tools\calc.sty"
Package: calc 2017/05/25 v4.3 Infix arithmetic (KKT,FJ)
\calc@Acount=\count136
\calc@Bcount=\count137
\calc@Adimen=\dimen162
\calc@Bdimen=\dimen163
\calc@Askip=\skip65
\calc@Bskip=\skip66
LaTeX Info: Redefining \setlength on input line 80.
LaTeX Info: Redefining \addtolength on input line 81.
\calc@Ccount=\count138
\calc@Cskip=\skip67
) ("C:\Users\Nick\AppData\Local\Programs\MiKTeX 2.9\tex\latex\eso-pic\eso-pic.s
ty"
Package: eso-pic 2018/04/12 v2.0h eso-pic (RN)
 ("C:\Users\Nick\AppData\Local\Programs\MiKTeX 2.9\tex\latex\xcolor\xcolor.sty"
Package: xcolor 2016/05/11 v2.12 LaTeX color extensions (UK)

("C:\Users\Nick\AppData\Local\Programs\MiKTeX 2.9\tex\latex\graphics-cfg\color.
cfg"
File: color.cfg 2016/01/02 v1.6 sample color configuration
)
Package xcolor Info: Driver file: pdftex.def on input line 225.

("C:\Users\Nick\AppData\Local\Programs\MiKTeX 2.9\tex\latex\graphics-def\pdftex
.def"
File: pdftex.def 2018/01/08 v1.0l Graphics/color driver for pdftex
)
Package xcolor Info: Model `cmy' substituted by `cmy0' on input line 1348.
Package xcolor Info: Model `hsb' substituted by `rgb' on input line 1352.
Package xcolor Info: Model `RGB' extended on input line 1364.
Package xcolor Info: Model `HTML' substituted by `rgb' on input line 1366.
Package xcolor Info: Model `Hsb' substituted by `hsb' on input line 1367.
Package xcolor Info: Model `tHsb' substituted by `hsb' on input line 1368.
Package xcolor Info: Model `HSB' substituted by `hsb' on input line 1369.
Package xcolor Info: Model `Gray' substituted by `gray' on input line 1370.
Package xcolor Info: Model `wave' substituted by `hsb' on input line 1371.
))
("C:\Users\Nick\AppData\Local\Programs\MiKTeX 2.9\tex\latex\graphics\graphicx.s
ty"
Package: graphicx 2017/06/01 v1.1a Enhanced LaTeX Graphics (DPC,SPQR)

("C:\Users\Nick\AppData\Local\Programs\MiKTeX 2.9\tex\latex\graphics\graphics.s
ty"
Package: graphics 2017/06/25 v1.2c Standard LaTeX Graphics (DPC,SPQR)

("C:\Users\Nick\AppData\Local\Programs\MiKTeX 2.9\tex\latex\graphics\trig.sty"
Package: trig 2016/01/03 v1.10 sin cos tan (DPC)
)
("C:\Users\Nick\AppData\Local\Programs\MiKTeX 2.9\tex\latex\graphics-cfg\graphi
cs.cfg"
File: graphics.cfg 2016/06/04 v1.11 sample graphics configuration
)
Package graphics Info: Driver file: pdftex.def on input line 99.
)
\Gin@req@height=\dimen164
\Gin@req@width=\dimen165
)
\AM@pagewidth=\dimen166
\AM@pageheight=\dimen167

("C:\Users\Nick\AppData\Local\Programs\MiKTeX 2.9\tex\latex\pdfpages\pppdftex.d
ef"
File: pppdftex.def 2017/10/31 v0.5l Pdfpages driver for pdfTeX (AM)
)
\AM@pagebox=\box30
\AM@global@opts=\toks20
\AM@toc@title=\toks21
\c@AM@survey=\count139
\AM@templatesizebox=\box31
)
("C:\Users\Nick\AppData\Local\Programs\MiKTeX 2.9\tex\latex\natbib\natbib.sty"
Package: natbib 2010/09/13 8.31b (PWD, AO)
\bibhang=\skip68
\bibsep=\skip69
LaTeX Info: Redefining \cite on input line 694.
\c@NAT@ctr=\count140
) ("Interim Preposal.aux")
\openout1 = `"Interim Preposal.aux"'.

LaTeX Font Info:    Checking defaults for OML/cmm/m/it on input line 73.
LaTeX Font Info:    ... okay on input line 73.
LaTeX Font Info:    Checking defaults for T1/cmr/m/n on input line 73.
LaTeX Font Info:    ... okay on input line 73.
LaTeX Font Info:    Checking defaults for OT1/cmr/m/n on input line 73.
LaTeX Font Info:    ... okay on input line 73.
LaTeX Font Info:    Checking defaults for OMS/cmsy/m/n on input line 73.
LaTeX Font Info:    ... okay on input line 73.
LaTeX Font Info:    Checking defaults for OMX/cmex/m/n on input line 73.
LaTeX Font Info:    ... okay on input line 73.
LaTeX Font Info:    Checking defaults for U/cmr/m/n on input line 73.
LaTeX Font Info:    ... okay on input line 73.
LaTeX Font Info:    Checking defaults for PD1/pdf/m/n on input line 73.
LaTeX Font Info:    ... okay on input line 73.
LaTeX Font Info:    Try loading font information for T1+pplx on input line 73.

("C:\Users\Nick\AppData\Local\Programs\MiKTeX 2.9\tex\latex\psnfss\t1pplx.fd"
File: t1pplx.fd 2004/09/06 font definitions for T1/pplx.
)
\big@size=\dimen168
LaTeX Info: Redefining \microtypecontext on input line 73.
Package microtype Info: Generating PDF output.
Package microtype Info: Character protrusion enabled (level 2).
Package microtype Info: Using default protrusion set `alltext'.
Package microtype Info: Automatic font expansion enabled (level 2),
(microtype)             stretch: 20, shrink: 20, step: 1, non-selected.
Package microtype Info: Using default expansion set `basictext'.
Package microtype Info: No adjustment of tracking.
Package microtype Info: No adjustment of interword spacing.
Package microtype Info: No adjustment of character kerning.

("C:\Users\Nick\AppData\Local\Programs\MiKTeX 2.9\tex\latex\microtype\mt-ppl.cf
g"
File: mt-ppl.cfg 2005/11/16 v1.6 microtype config. file: Palatino (RS)
)
*geometry* driver: auto-detecting
*geometry* detected driver: pdftex
*geometry* verbose mode - [ preamble ] result:
* driver: pdftex
* paper: <default>
* layout: <same size as paper>
* layoutoffset:(h,v)=(0.0pt,0.0pt)
* hratio: 1:1
* modes: twoside 
* h-part:(L,W,R)=(92.14519pt, 430.00462pt, 92.14519pt)
* v-part:(T,H,B)=(91.04881pt, 608.5238pt, 95.39737pt)
* \paperwidth=614.295pt
* \paperheight=794.96999pt
* \textwidth=430.00462pt
* \textheight=608.5238pt
* \oddsidemargin=19.8752pt
* \evensidemargin=19.8752pt
* \topmargin=-18.22118pt
* \headheight=12.0pt
* \headsep=25.0pt
* \topskip=10.0pt
* \footskip=30.0pt
* \marginparwidth=48.0pt
* \marginparsep=10.0pt
* \columnsep=20.0pt
* \skip\footins=9.0pt plus 4.0pt minus 2.0pt
* \hoffset=0.0pt
* \voffset=0.0pt
* \mag=1000
* \@twocolumntrue
* \@twosidetrue
* \@mparswitchtrue
* \@reversemarginfalse
* (1in=72.27pt=25.4mm, 1cm=28.453pt)

Package caption Info: Begin \AtBeginDocument code.
Package caption Info: hyperref package is loaded.
Package caption Info: End \AtBeginDocument code.
\AtBeginShipoutBox=\box32
Package hyperref Info: Link coloring OFF on input line 73.

("C:\Users\Nick\AppData\Local\Programs\MiKTeX 2.9\tex\latex\hyperref\nameref.st
y"
Package: nameref 2016/05/21 v2.44 Cross-referencing by name of section

("C:\Users\Nick\AppData\Local\Programs\MiKTeX 2.9\tex\generic\oberdiek\gettitle
string.sty"
Package: gettitlestring 2016/05/16 v1.5 Cleanup title references (HO)
)
\c@section@level=\count141
)
LaTeX Info: Redefining \ref on input line 73.
LaTeX Info: Redefining \pageref on input line 73.
LaTeX Info: Redefining \nameref on input line 73.
 ("Interim Preposal.out") ("Interim Preposal.out")
\@outlinefile=\write3
\openout3 = `"Interim Preposal.out"'.


("C:\Users\Nick\AppData\Local\Programs\MiKTeX 2.9\tex\context\base\supp-pdf.mki
i"
[Loading MPS to PDF converter (version 2006.09.02).]
\scratchcounter=\count142
\scratchdimen=\dimen169
\scratchbox=\box33
\nofMPsegments=\count143
\nofMParguments=\count144
\everyMPshowfont=\toks22
\MPscratchCnt=\count145
\MPscratchDim=\dimen170
\MPnumerator=\count146
\makeMPintoPDFobject=\count147
\everyMPtoPDFconversion=\toks23
)
("C:\Users\Nick\AppData\Local\Programs\MiKTeX 2.9\tex\latex\oberdiek\epstopdf-b
ase.sty"
Package: epstopdf-base 2016/05/15 v2.6 Base part for package epstopdf

("C:\Users\Nick\AppData\Local\Programs\MiKTeX 2.9\tex\latex\oberdiek\grfext.sty
"
Package: grfext 2016/05/16 v1.2 Manage graphics extensions (HO)
)
Package epstopdf-base Info: Redefining graphics rule for `.eps' on input line 4
38.
Package grfext Info: Graphics extension search list:
(grfext)             [.pdf,.png,.jpg,.mps,.jpeg,.jbig2,.jb2,.PDF,.PNG,.JPG,.JPE
G,.JBIG2,.JB2,.eps]
(grfext)             \AppendGraphicsExtensions on input line 456.
)
("C:\Users\Nick\AppData\Local\Programs\MiKTeX 2.9\tex\latex\oberdiek\pdflscape.
sty"
Package: pdflscape 2016/05/14 v0.11 Display of landscape pages in PDF (HO)

("C:\Users\Nick\AppData\Local\Programs\MiKTeX 2.9\tex\latex\graphics\lscape.sty
"
Package: lscape 2000/10/22 v3.01 Landscape Pages (DPC)
)
Package pdflscape Info: Auto-detected driver: pdftex on input line 81.
)
LaTeX Font Info:    Font shape `T1/pplx/bx/n' in size <24.88> not available
(Font)              Font shape `T1/pplx/b/n' tried instead on input line 77.
LaTeX Font Info:    Try loading font information for OT1+pplx on input line 77.


("C:\Users\Nick\AppData\Local\Programs\MiKTeX 2.9\tex\latex\psnfss\ot1pplx.fd"
File: ot1pplx.fd 2004/09/06 font definitions for OT1/pplx.
)
LaTeX Font Info:    Try loading font information for OML+zplm on input line 77.

("C:\Users\Nick\AppData\Local\Programs\MiKTeX 2.9\tex\latex\psnfss\omlzplm.fd"
File: omlzplm.fd 2002/09/08 Fontinst v1.914 font definitions for OML/zplm.
)
LaTeX Font Info:    Try loading font information for OMS+zplm on input line 77.

("C:\Users\Nick\AppData\Local\Programs\MiKTeX 2.9\tex\latex\psnfss\omszplm.fd"
File: omszplm.fd 2002/09/08 Fontinst v1.914 font definitions for OMS/zplm.
)
LaTeX Font Info:    Try loading font information for OMX+zplm on input line 77.

("C:\Users\Nick\AppData\Local\Programs\MiKTeX 2.9\tex\latex\psnfss\omxzplm.fd"
File: omxzplm.fd 2002/09/08 Fontinst v1.914 font definitions for OMX/zplm.
)
LaTeX Font Info:    Try loading font information for OT1+zplm on input line 77.

("C:\Users\Nick\AppData\Local\Programs\MiKTeX 2.9\tex\latex\psnfss\ot1zplm.fd"
File: ot1zplm.fd 2002/09/08 Fontinst v1.914 font definitions for OT1/zplm.
)
Package microtype Info: Loading generic protrusion settings for font family
(microtype)             `zplm' (encoding: OT1).
(microtype)             For optimal results, create family-specific settings.
(microtype)             See the microtype manual for details.
Package microtype Info: Character `029' is missing
(microtype)             in font `T1/pplx/m/sc/12'.
(microtype)             Ignoring protrusion settings for this character.
Package microtype Info: Character `029' is missing
(microtype)             in font `T1/pplx/m/sc/10'.
(microtype)             Ignoring protrusion settings for this character.
Package lettrine.sty Info: Targeted height = 30.07506pt
(lettrine.sty)             (for loversize=0, accent excluded),
(lettrine.sty)             Lettrine height = 30.07518pt (F);
(lettrine.sty)             reported on input line 85.

Underfull \vbox (badness 4846) has occurred while \output is active []

 [1{C:/Users/Nick/AppData/Local/MiKTeX/2.9/pdftex/config/pdftex.map}


] [2] [3] [4]
Underfull \hbox (badness 1484) in paragraph at lines 185--186
[]\T1/pplx/m/n/10 (+20) Throughout the project I will adopt a
 []


Underfull \hbox (badness 1789) in paragraph at lines 185--186
\T1/pplx/m/n/10 (+20) security-minded ap-proach: all cor-re-spon-
 []

[5] ("Interim Preposal.bbl"
Underfull \hbox (badness 6364) in paragraph at lines 4--6
[]\T1/pplx/m/n/10 (+20) Appleton, N. (2020), Com-peti-tor Anal-
 []


Underfull \hbox (badness 2126) in paragraph at lines 4--6
\T1/pplx/m/n/10 (+20) y-sis, https://doc.clickup.com/d/h/2fg5t-
 []

LaTeX Font Info:    Font shape `T1/pplx/bx/n' in size <10> not available
(Font)              Font shape `T1/pplx/b/n' tried instead on input line 10.

Underfull \hbox (badness 10000) in paragraph at lines 22--24
[]\T1/pplx/m/it/10 (+20) ClickUp$[]$ Project Man-age-ment \T1/pplx/m/n/10 (+20)
 (2020),
 []


Overfull \hbox (38.39084pt too wide) in paragraph at lines 54--59
\T1/pplx/m/n/10 (-20) https://www.legislation.gov.uk/eudr/2012/27/2020-
 []


Underfull \hbox (badness 4084) in paragraph at lines 68--70
[]\T1/pplx/m/n/10 (+20) f.lux Soft-ware LLC (n.d.), `F.luxometer',
 []

[6]
Underfull \hbox (badness 1661) in paragraph at lines 103--107
[]\T1/pplx/m/n/10 (+20) Kuse, Y., Ogawa, K., Tsu-ruma, K., Shi-
 []


Underfull \hbox (badness 1147) in paragraph at lines 131--134
\T1/pplx/m/n/10 (+20) (2006), `Breast Can-cer and Night Work
 []

[7]) [8]

pdfTeX warning: pdflatex (file ./RiskAssessment.pdf): PDF inclusion: found PDF 
version <1.7>, but at most version <1.5> allowed
<RiskAssessment.pdf, id=258, 845.07724pt x 1194.98447pt>
File: RiskAssessment.pdf Graphic file (type pdf)
<use RiskAssessment.pdf>
Package pdftex.def Info: RiskAssessment.pdf  used on input line 217.
(pdftex.def)             Requested size: 845.07518pt x 1194.98155pt.


pdfTeX warning: pdflatex (file ./RiskAssessment.pdf): PDF inclusion: found PDF 
version <1.7>, but at most version <1.5> allowed
File: RiskAssessment.pdf Graphic file (type pdf)
<use RiskAssessment.pdf>
Package pdftex.def Info: RiskAssessment.pdf  used on input line 217.
(pdftex.def)             Requested size: 845.07518pt x 1194.98155pt.


pdfTeX warning: pdflatex (file ./RiskAssessment.pdf): PDF inclusion: found PDF 
version <1.7>, but at most version <1.5> allowed


pdfTeX warning: pdflatex (file ./RiskAssessment.pdf): PDF inclusion: found PDF 
version <1.7>, but at most version <1.5> allowed
<RiskAssessment.pdf, id=261, page=1, 845.07724pt x 1194.98447pt>
File: RiskAssessment.pdf Graphic file (type pdf)
<use RiskAssessment.pdf, page 1>
Package pdftex.def Info: RiskAssessment.pdf , page1 used on input line 217.
(pdftex.def)             Requested size: 845.07518pt x 1194.98155pt.
File: RiskAssessment.pdf Graphic file (type pdf)
<use RiskAssessment.pdf, page 1>
Package pdftex.def Info: RiskAssessment.pdf , page1 used on input line 217.
(pdftex.def)             Requested size: 562.65274pt x 795.62111pt.
File: RiskAssessment.pdf Graphic file (type pdf)
<use RiskAssessment.pdf, page 1>
Package pdftex.def Info: RiskAssessment.pdf , page1 used on input line 217.
(pdftex.def)             Requested size: 562.65274pt x 795.62111pt.
File: RiskAssessment.pdf Graphic file (type pdf)
<use RiskAssessment.pdf, page 1>
Package pdftex.def Info: RiskAssessment.pdf , page1 used on input line 217.
(pdftex.def)             Requested size: 562.65274pt x 795.62111pt.
File: RiskAssessment.pdf Graphic file (type pdf)
<use RiskAssessment.pdf, page 1>
Package pdftex.def Info: RiskAssessment.pdf , page1 used on input line 217.
(pdftex.def)             Requested size: 562.65274pt x 795.62111pt.
[9 <./RiskAssessment.pdf>]

pdfTeX warning: pdflatex (file ./Security.pdf): PDF inclusion: found PDF versio
n <1.7>, but at most version <1.5> allowed
<Security.pdf, id=333, 845.07724pt x 1194.98447pt>
File: Security.pdf Graphic file (type pdf)
<use Security.pdf>
Package pdftex.def Info: Security.pdf  used on input line 222.
(pdftex.def)             Requested size: 845.07518pt x 1194.98155pt.


pdfTeX warning: pdflatex (file ./Security.pdf): PDF inclusion: found PDF versio
n <1.7>, but at most version <1.5> allowed
File: Security.pdf Graphic file (type pdf)
<use Security.pdf>
Package pdftex.def Info: Security.pdf  used on input line 222.
(pdftex.def)             Requested size: 845.07518pt x 1194.98155pt.


pdfTeX warning: pdflatex (file ./Security.pdf): PDF inclusion: found PDF versio
n <1.7>, but at most version <1.5> allowed


pdfTeX warning: pdflatex (file ./Security.pdf): PDF inclusion: found PDF versio
n <1.7>, but at most version <1.5> allowed
<Security.pdf, id=336, page=1, 845.07724pt x 1194.98447pt>
File: Security.pdf Graphic file (type pdf)
<use Security.pdf, page 1>
Package pdftex.def Info: Security.pdf , page1 used on input line 222.
(pdftex.def)             Requested size: 845.07518pt x 1194.98155pt.
File: Security.pdf Graphic file (type pdf)
<use Security.pdf, page 1>
Package pdftex.def Info: Security.pdf , page1 used on input line 222.
(pdftex.def)             Requested size: 562.65274pt x 795.62111pt.
File: Security.pdf Graphic file (type pdf)
<use Security.pdf, page 1>
Package pdftex.def Info: Security.pdf , page1 used on input line 222.
(pdftex.def)             Requested size: 562.65274pt x 795.62111pt.
File: Security.pdf Graphic file (type pdf)
<use Security.pdf, page 1>
Package pdftex.def Info: Security.pdf , page1 used on input line 222.
(pdftex.def)             Requested size: 562.65274pt x 795.62111pt.
File: Security.pdf Graphic file (type pdf)
<use Security.pdf, page 1>
Package pdftex.def Info: Security.pdf , page1 used on input line 222.
(pdftex.def)             Requested size: 562.65274pt x 795.62111pt.
[10 <./Security.pdf>]

pdfTeX warning: pdflatex (file ./resources.pdf): PDF inclusion: found PDF versi
on <1.7>, but at most version <1.5> allowed
<resources.pdf, id=398, 597.55246pt x 845.07724pt>
File: resources.pdf Graphic file (type pdf)
<use resources.pdf>
Package pdftex.def Info: resources.pdf  used on input line 227.
(pdftex.def)             Requested size: 597.551pt x 845.07518pt.


pdfTeX warning: pdflatex (file ./resources.pdf): PDF inclusion: found PDF versi
on <1.7>, but at most version <1.5> allowed
File: resources.pdf Graphic file (type pdf)
<use resources.pdf>
Package pdftex.def Info: resources.pdf  used on input line 227.
(pdftex.def)             Requested size: 597.551pt x 845.07518pt.


pdfTeX warning: pdflatex (file ./resources.pdf): PDF inclusion: found PDF versi
on <1.7>, but at most version <1.5> allowed


pdfTeX warning: pdflatex (file ./resources.pdf): PDF inclusion: found PDF versi
on <1.7>, but at most version <1.5> allowed
<resources.pdf, id=401, page=1, 597.55246pt x 845.07724pt>
File: resources.pdf Graphic file (type pdf)
<use resources.pdf, page 1>
Package pdftex.def Info: resources.pdf , page1 used on input line 227.
(pdftex.def)             Requested size: 597.551pt x 845.07518pt.
File: resources.pdf Graphic file (type pdf)
<use resources.pdf, page 1>
Package pdftex.def Info: resources.pdf , page1 used on input line 227.
(pdftex.def)             Requested size: 562.1644pt x 795.03036pt.
File: resources.pdf Graphic file (type pdf)
<use resources.pdf, page 1>
Package pdftex.def Info: resources.pdf , page1 used on input line 227.
(pdftex.def)             Requested size: 562.1644pt x 795.03036pt.
File: resources.pdf Graphic file (type pdf)
<use resources.pdf, page 1>
Package pdftex.def Info: resources.pdf , page1 used on input line 227.
(pdftex.def)             Requested size: 562.1644pt x 795.03036pt.
File: resources.pdf Graphic file (type pdf)
<use resources.pdf, page 1>
Package pdftex.def Info: resources.pdf , page1 used on input line 227.
(pdftex.def)             Requested size: 562.1644pt x 795.03036pt.
[11 <./resources.pdf>]
<requirements.pdf, id=455, 844.11356pt x 597.19106pt>
File: requirements.pdf Graphic file (type pdf)
<use requirements.pdf>
Package pdftex.def Info: requirements.pdf  used on input line 231.
(pdftex.def)             Requested size: 844.1115pt x 597.1896pt.
File: requirements.pdf Graphic file (type pdf)
<use requirements.pdf>
Package pdftex.def Info: requirements.pdf  used on input line 231.
(pdftex.def)             Requested size: 844.1115pt x 597.1896pt.
<requirements.pdf, id=458, page=1, 844.11356pt x 597.19106pt>
File: requirements.pdf Graphic file (type pdf)
<use requirements.pdf, page 1>
Package pdftex.def Info: requirements.pdf , page1 used on input line 231.
(pdftex.def)             Requested size: 844.1115pt x 597.1896pt.
File: requirements.pdf Graphic file (type pdf)
<use requirements.pdf, page 1>
Package pdftex.def Info: requirements.pdf , page1 used on input line 231.
(pdftex.def)             Requested size: 614.3688pt x 434.6519pt.
File: requirements.pdf Graphic file (type pdf)
<use requirements.pdf, page 1>
Package pdftex.def Info: requirements.pdf , page1 used on input line 231.
(pdftex.def)             Requested size: 614.3688pt x 434.6519pt.
File: requirements.pdf Graphic file (type pdf)
<use requirements.pdf, page 1>
Package pdftex.def Info: requirements.pdf , page1 used on input line 231.
(pdftex.def)             Requested size: 614.3688pt x 434.6519pt.
File: requirements.pdf Graphic file (type pdf)
<use requirements.pdf, page 1>
Package pdftex.def Info: requirements.pdf , page1 used on input line 231.
(pdftex.def)             Requested size: 614.3688pt x 434.6519pt.
 [12 <./requirements.pdf>]
<Gantts/Setup.pdf, id=477, 1194.38213pt x 844.11356pt>
File: Gantts/Setup.pdf Graphic file (type pdf)
<use Gantts/Setup.pdf>
Package pdftex.def Info: Gantts/Setup.pdf  used on input line 236.
(pdftex.def)             Requested size: 1194.37923pt x 844.1115pt.
File: Gantts/Setup.pdf Graphic file (type pdf)
<use Gantts/Setup.pdf>
Package pdftex.def Info: Gantts/Setup.pdf  used on input line 236.
(pdftex.def)             Requested size: 1194.37923pt x 844.1115pt.
<Gantts/Setup.pdf, id=480, page=1, 1194.38213pt x 844.11356pt>
File: Gantts/Setup.pdf Graphic file (type pdf)
<use Gantts/Setup.pdf, page 1>
Package pdftex.def Info: Gantts/Setup.pdf , page1 used on input line 236.
(pdftex.def)             Requested size: 1194.37923pt x 844.1115pt.
File: Gantts/Setup.pdf Graphic file (type pdf)
<use Gantts/Setup.pdf, page 1>
Package pdftex.def Info: Gantts/Setup.pdf , page1 used on input line 236.
(pdftex.def)             Requested size: 614.48492pt x 434.27898pt.
File: Gantts/Setup.pdf Graphic file (type pdf)
<use Gantts/Setup.pdf, page 1>
Package pdftex.def Info: Gantts/Setup.pdf , page1 used on input line 236.
(pdftex.def)             Requested size: 614.48492pt x 434.27898pt.
File: Gantts/Setup.pdf Graphic file (type pdf)
<use Gantts/Setup.pdf, page 1>
Package pdftex.def Info: Gantts/Setup.pdf , page1 used on input line 236.
(pdftex.def)             Requested size: 614.48492pt x 434.27898pt.
File: Gantts/Setup.pdf Graphic file (type pdf)
<use Gantts/Setup.pdf, page 1>
Package pdftex.def Info: Gantts/Setup.pdf , page1 used on input line 236.
(pdftex.def)             Requested size: 614.48492pt x 434.27898pt.
 [13 <./Gantts/Setup.pdf>]
<Gantts/Hardware.pdf, id=513, 1194.38213pt x 844.11356pt>
File: Gantts/Hardware.pdf Graphic file (type pdf)
<use Gantts/Hardware.pdf>
Package pdftex.def Info: Gantts/Hardware.pdf  used on input line 237.
(pdftex.def)             Requested size: 1194.37923pt x 844.1115pt.
File: Gantts/Hardware.pdf Graphic file (type pdf)
<use Gantts/Hardware.pdf>
Package pdftex.def Info: Gantts/Hardware.pdf  used on input line 237.
(pdftex.def)             Requested size: 1194.37923pt x 844.1115pt.
<Gantts/Hardware.pdf, id=516, page=1, 1194.38213pt x 844.11356pt>
File: Gantts/Hardware.pdf Graphic file (type pdf)
<use Gantts/Hardware.pdf, page 1>
Package pdftex.def Info: Gantts/Hardware.pdf , page1 used on input line 237.
(pdftex.def)             Requested size: 1194.37923pt x 844.1115pt.
File: Gantts/Hardware.pdf Graphic file (type pdf)
<use Gantts/Hardware.pdf, page 1>
Package pdftex.def Info: Gantts/Hardware.pdf , page1 used on input line 237.
(pdftex.def)             Requested size: 614.48492pt x 434.27898pt.
File: Gantts/Hardware.pdf Graphic file (type pdf)
<use Gantts/Hardware.pdf, page 1>
Package pdftex.def Info: Gantts/Hardware.pdf , page1 used on input line 237.
(pdftex.def)             Requested size: 614.48492pt x 434.27898pt.
File: Gantts/Hardware.pdf Graphic file (type pdf)
<use Gantts/Hardware.pdf, page 1>
Package pdftex.def Info: Gantts/Hardware.pdf , page1 used on input line 237.
(pdftex.def)             Requested size: 614.48492pt x 434.27898pt.
File: Gantts/Hardware.pdf Graphic file (type pdf)
<use Gantts/Hardware.pdf, page 1>
Package pdftex.def Info: Gantts/Hardware.pdf , page1 used on input line 237.
(pdftex.def)             Requested size: 614.48492pt x 434.27898pt.

[14 <./Gantts/Hardware.pdf>]
<Gantts/Docs.pdf, id=547, 1194.38213pt x 844.11356pt>
File: Gantts/Docs.pdf Graphic file (type pdf)
<use Gantts/Docs.pdf>
Package pdftex.def Info: Gantts/Docs.pdf  used on input line 238.
(pdftex.def)             Requested size: 1194.37923pt x 844.1115pt.
File: Gantts/Docs.pdf Graphic file (type pdf)
<use Gantts/Docs.pdf>
Package pdftex.def Info: Gantts/Docs.pdf  used on input line 238.
(pdftex.def)             Requested size: 1194.37923pt x 844.1115pt.
<Gantts/Docs.pdf, id=550, page=1, 1194.38213pt x 844.11356pt>
File: Gantts/Docs.pdf Graphic file (type pdf)
<use Gantts/Docs.pdf, page 1>
Package pdftex.def Info: Gantts/Docs.pdf , page1 used on input line 238.
(pdftex.def)             Requested size: 1194.37923pt x 844.1115pt.
File: Gantts/Docs.pdf Graphic file (type pdf)
<use Gantts/Docs.pdf, page 1>
Package pdftex.def Info: Gantts/Docs.pdf , page1 used on input line 238.
(pdftex.def)             Requested size: 614.48492pt x 434.27898pt.
File: Gantts/Docs.pdf Graphic file (type pdf)
<use Gantts/Docs.pdf, page 1>
Package pdftex.def Info: Gantts/Docs.pdf , page1 used on input line 238.
(pdftex.def)             Requested size: 614.48492pt x 434.27898pt.
File: Gantts/Docs.pdf Graphic file (type pdf)
<use Gantts/Docs.pdf, page 1>
Package pdftex.def Info: Gantts/Docs.pdf , page1 used on input line 238.
(pdftex.def)             Requested size: 614.48492pt x 434.27898pt.
File: Gantts/Docs.pdf Graphic file (type pdf)
<use Gantts/Docs.pdf, page 1>
Package pdftex.def Info: Gantts/Docs.pdf , page1 used on input line 238.
(pdftex.def)             Requested size: 614.48492pt x 434.27898pt.
 [15 <./Gantts/Docs.pdf>]
<Gantts/Research.pdf, id=584, 1194.38213pt x 844.11356pt>
File: Gantts/Research.pdf Graphic file (type pdf)
<use Gantts/Research.pdf>
Package pdftex.def Info: Gantts/Research.pdf  used on input line 239.
(pdftex.def)             Requested size: 1194.37923pt x 844.1115pt.
File: Gantts/Research.pdf Graphic file (type pdf)
<use Gantts/Research.pdf>
Package pdftex.def Info: Gantts/Research.pdf  used on input line 239.
(pdftex.def)             Requested size: 1194.37923pt x 844.1115pt.
<Gantts/Research.pdf, id=587, page=1, 1194.38213pt x 844.11356pt>
File: Gantts/Research.pdf Graphic file (type pdf)
<use Gantts/Research.pdf, page 1>
Package pdftex.def Info: Gantts/Research.pdf , page1 used on input line 239.
(pdftex.def)             Requested size: 1194.37923pt x 844.1115pt.
File: Gantts/Research.pdf Graphic file (type pdf)
<use Gantts/Research.pdf, page 1>
Package pdftex.def Info: Gantts/Research.pdf , page1 used on input line 239.
(pdftex.def)             Requested size: 614.48492pt x 434.27898pt.
File: Gantts/Research.pdf Graphic file (type pdf)
<use Gantts/Research.pdf, page 1>
Package pdftex.def Info: Gantts/Research.pdf , page1 used on input line 239.
(pdftex.def)             Requested size: 614.48492pt x 434.27898pt.
File: Gantts/Research.pdf Graphic file (type pdf)
<use Gantts/Research.pdf, page 1>
Package pdftex.def Info: Gantts/Research.pdf , page1 used on input line 239.
(pdftex.def)             Requested size: 614.48492pt x 434.27898pt.
File: Gantts/Research.pdf Graphic file (type pdf)
<use Gantts/Research.pdf, page 1>
Package pdftex.def Info: Gantts/Research.pdf , page1 used on input line 239.
(pdftex.def)             Requested size: 614.48492pt x 434.27898pt.
 [16 <./Gantts/Research.pdf>]
Package atveryend Info: Empty hook `BeforeClearDocument' on input line 243.
Package atveryend Info: Empty hook `AfterLastShipout' on input line 243.
 ("Interim Preposal.aux")
Package atveryend Info: Executing hook `AtVeryEndDocument' on input line 243.
Package atveryend Info: Executing hook `AtEndAfterFileList' on input line 243.
Package rerunfilecheck Info: File `"Interim Preposal".out' has not changed.
(rerunfilecheck)             Checksum: 4CE84A7B8324EF752ECCC9A19D37A626;711.
Package atveryend Info: Empty hook `AtVeryVeryEnd' on input line 243.
 ) 
Here is how much of TeX's memory you used:
 12378 strings out of 492970
 195460 string characters out of 3127038
 332660 words of memory out of 3000000
 15694 multiletter control sequences out of 15000+200000
 60776 words of font info for 269 fonts, out of 3000000 for 9000
 1141 hyphenation exceptions out of 8191
 38i,18n,43p,1462b,514s stack positions out of 5000i,500n,10000p,200000b,50000s
{C:/Users/Nick/AppData/Local/Programs/MiKTeX 2.9/fonts/enc/dvips/base/8r.enc}
<C:/Users/Nick/AppData/Local/Programs/MiKTeX 2.9/fonts/type1/public/amsfonts/cm
/cmsy10.pfb><C:/Users/Nick/AppData/Local/Programs/MiKTeX 2.9/fonts/type1/public
/fpl/fplrc8a.pfb><C:/Users/Nick/AppData/Local/Programs/MiKTeX 2.9/fonts/type1/u
rw/palatino/uplb8a.pfb><C:/Users/Nick/AppData/Local/Programs/MiKTeX 2.9/fonts/t
ype1/urw/palatino/uplr8a.pfb><C:/Users/Nick/AppData/Local/Programs/MiKTeX 2.9/f
onts/type1/urw/palatino/uplri8a.pfb>
Output written on "Interim Preposal.pdf" (16 pages, 2783397 bytes).
PDF statistics:
 658 PDF objects out of 1000 (max. 8388607)
 77 named destinations out of 1000 (max. 500000)
 44809 words of extra memory for PDF output out of 51595 (max. 10000000)

